This is pdfTeX, Version 3.14159265-2.6-1.40.21 (MiKTeX 2.9.7300 64-bit) (preloaded format=pdflatex 2020.2.24)  1 MAR 2020 21:29
entering extended mode
**./DocumentacionISO9001.tex
(DocumentacionISO9001.tex
LaTeX2e <2020-02-02> patch level 2
L3 programming layer <2020-02-14>
("C:\Users\antho\AppData\Local\Programs\MiKTeX 2.9\tex/latex/base\article.cls"
Document Class: article 2019/12/20 v1.4l Standard LaTeX document class
("C:\Users\antho\AppData\Local\Programs\MiKTeX 2.9\tex/latex/base\size10.clo"
File: size10.clo 2019/12/20 v1.4l Standard LaTeX file (size option)
)
\c@part=\count167
\c@section=\count168
\c@subsection=\count169
\c@subsubsection=\count170
\c@paragraph=\count171
\c@subparagraph=\count172
\c@figure=\count173
\c@table=\count174
\abovecaptionskip=\skip47
\belowcaptionskip=\skip48
\bibindent=\dimen134
) ("C:\Users\antho\AppData\Local\Programs\MiKTeX 2.9\tex/latex/base\inputenc.st
y"
Package: inputenc 2018/08/11 v1.3c Input encoding file
\inpenc@prehook=\toks14
\inpenc@posthook=\toks15
)
("C:\Users\antho\AppData\Local\Programs\MiKTeX 2.9\tex/latex/amsmath\amsmath.st
y"
Package: amsmath 2020/01/20 v2.17e AMS math features
\@mathmargin=\skip49

For additional information on amsmath, use the `?' option.

("C:\Users\antho\AppData\Local\Programs\MiKTeX 2.9\tex/latex/amsmath\amstext.st
y"
Package: amstext 2000/06/29 v2.01 AMS text

("C:\Users\antho\AppData\Local\Programs\MiKTeX 2.9\tex/latex/amsmath\amsgen.sty
"
File: amsgen.sty 1999/11/30 v2.0 generic functions
\@emptytoks=\toks16
\ex@=\dimen135
))
("C:\Users\antho\AppData\Local\Programs\MiKTeX 2.9\tex/latex/amsmath\amsbsy.sty
"
Package: amsbsy 1999/11/29 v1.2d Bold Symbols
\pmbraise@=\dimen136
)
("C:\Users\antho\AppData\Local\Programs\MiKTeX 2.9\tex/latex/amsmath\amsopn.sty
"
Package: amsopn 2016/03/08 v2.02 operator names
)
\inf@bad=\count175
LaTeX Info: Redefining \frac on input line 227.
\uproot@=\count176
\leftroot@=\count177
LaTeX Info: Redefining \overline on input line 389.
\classnum@=\count178
\DOTSCASE@=\count179
LaTeX Info: Redefining \ldots on input line 486.
LaTeX Info: Redefining \dots on input line 489.
LaTeX Info: Redefining \cdots on input line 610.
\Mathstrutbox@=\box45
\strutbox@=\box46
\big@size=\dimen137
LaTeX Font Info:    Redeclaring font encoding OML on input line 733.
LaTeX Font Info:    Redeclaring font encoding OMS on input line 734.
\macc@depth=\count180
\c@MaxMatrixCols=\count181
\dotsspace@=\muskip16
\c@parentequation=\count182
\dspbrk@lvl=\count183
\tag@help=\toks17
\row@=\count184
\column@=\count185
\maxfields@=\count186
\andhelp@=\toks18
\eqnshift@=\dimen138
\alignsep@=\dimen139
\tagshift@=\dimen140
\tagwidth@=\dimen141
\totwidth@=\dimen142
\lineht@=\dimen143
\@envbody=\toks19
\multlinegap=\skip50
\multlinetaggap=\skip51
\mathdisplay@stack=\toks20
LaTeX Info: Redefining \[ on input line 2859.
LaTeX Info: Redefining \] on input line 2860.
)
("C:\Users\antho\AppData\Local\Programs\MiKTeX 2.9\tex/latex/amsfonts\amsfonts.
sty"
Package: amsfonts 2013/01/14 v3.01 Basic AMSFonts support
\symAMSa=\mathgroup4
\symAMSb=\mathgroup5
LaTeX Font Info:    Redeclaring math symbol \hbar on input line 98.
LaTeX Font Info:    Overwriting math alphabet `\mathfrak' in version `bold'
(Font)                  U/euf/m/n --> U/euf/b/n on input line 106.
)
("C:\Users\antho\AppData\Local\Programs\MiKTeX 2.9\tex/latex/amsfonts\amssymb.s
ty"
Package: amssymb 2013/01/14 v3.01 AMS font symbols
)
("C:\Users\antho\AppData\Local\Programs\MiKTeX 2.9\tex/latex/graphics\graphicx.
sty"
Package: graphicx 2019/11/30 v1.2a Enhanced LaTeX Graphics (DPC,SPQR)

("C:\Users\antho\AppData\Local\Programs\MiKTeX 2.9\tex/latex/graphics\keyval.st
y"
Package: keyval 2014/10/28 v1.15 key=value parser (DPC)
\KV@toks@=\toks21
)
("C:\Users\antho\AppData\Local\Programs\MiKTeX 2.9\tex/latex/graphics\graphics.
sty"
Package: graphics 2019/11/30 v1.4a Standard LaTeX Graphics (DPC,SPQR)

("C:\Users\antho\AppData\Local\Programs\MiKTeX 2.9\tex/latex/graphics\trig.sty"
Package: trig 2016/01/03 v1.10 sin cos tan (DPC)
)
("C:\Users\antho\AppData\Local\Programs\MiKTeX 2.9\tex/latex/graphics-cfg\graph
ics.cfg"
File: graphics.cfg 2016/06/04 v1.11 sample graphics configuration
)
Package graphics Info: Driver file: pdftex.def on input line 105.

("C:\Users\antho\AppData\Local\Programs\MiKTeX 2.9\tex/latex/graphics-def\pdfte
x.def"
File: pdftex.def 2018/01/08 v1.0l Graphics/color driver for pdftex
))
\Gin@req@height=\dimen144
\Gin@req@width=\dimen145
)
("C:\Users\antho\AppData\Local\Programs\MiKTeX 2.9\tex/latex/l3backend\l3backen
d-pdfmode.def"
File: l3backend-pdfmode.def 2020-02-03 L3 backend support: PDF mode
\l__kernel_color_stack_int=\count187
\l__pdf_internal_box=\box47
) (DocumentacionISO9001.aux)
\openout1 = `DocumentacionISO9001.aux'.

LaTeX Font Info:    Checking defaults for OML/cmm/m/it on input line 7.
LaTeX Font Info:    ... okay on input line 7.
LaTeX Font Info:    Checking defaults for OMS/cmsy/m/n on input line 7.
LaTeX Font Info:    ... okay on input line 7.
LaTeX Font Info:    Checking defaults for OT1/cmr/m/n on input line 7.
LaTeX Font Info:    ... okay on input line 7.
LaTeX Font Info:    Checking defaults for T1/cmr/m/n on input line 7.
LaTeX Font Info:    ... okay on input line 7.
LaTeX Font Info:    Checking defaults for TS1/cmr/m/n on input line 7.
LaTeX Font Info:    ... okay on input line 7.
LaTeX Font Info:    Checking defaults for OMX/cmex/m/n on input line 7.
LaTeX Font Info:    ... okay on input line 7.
LaTeX Font Info:    Checking defaults for U/cmr/m/n on input line 7.
LaTeX Font Info:    ... okay on input line 7.

("C:\Users\antho\AppData\Local\Programs\MiKTeX 2.9\tex/context/base/mkii\supp-p
df.mkii"
[Loading MPS to PDF converter (version 2006.09.02).]
\scratchcounter=\count188
\scratchdimen=\dimen146
\scratchbox=\box48
\nofMPsegments=\count189
\nofMParguments=\count190
\everyMPshowfont=\toks22
\MPscratchCnt=\count191
\MPscratchDim=\dimen147
\MPnumerator=\count192
\makeMPintoPDFobject=\count193
\everyMPtoPDFconversion=\toks23
)
("C:\Users\antho\AppData\Local\Programs\MiKTeX 2.9\tex/latex/epstopdf-pkg\epsto
pdf-base.sty"
Package: epstopdf-base 2020-01-24 v2.11 Base part for package epstopdf
Package epstopdf-base Info: Redefining graphics rule for `.eps' on input line 4
85.
) [1

{C:/Users/antho/AppData/Local/MiKTeX/2.9/pdftex/config/pdftex.map}] [2] [3]
Overfull \hbox (13.22273pt too wide) in paragraph at lines 155--156
[]\OT1/cmr/m/n/10 - De-creto 2413/1973 del 20 de sep-tiem-bre, por el que se ap
rueba el Reglamento
 []

[4] [5] [6]
Overfull \hbox (6.75064pt too wide) in paragraph at lines 254--255
\OT1/cmr/m/n/10 datos per-son-ales in-tro-duci-dos seran in-cor-po-ra-dos al f
ichero \Usuar-ios pagina
 []

[7] [8]
Overfull \hbox (1.44499pt too wide) in paragraph at lines 302--303
\OT1/cmr/m/n/10 ciona los re-cur-sos nece-sar-ios para el es-tablec-imiento, im
-ple-mentacion, man-
 []

<GRAF-PRO.png, id=30, 316.18124pt x 314.67563pt>
File: GRAF-PRO.png Graphic file (type png)
<use GRAF-PRO.png>
Package pdftex.def Info: GRAF-PRO.png  used on input line 308.
(pdftex.def)             Requested size: 316.18047pt x 314.67485pt.
[9 <./GRAF-PRO.png>]
Overfull \hbox (4.80612pt too wide) in paragraph at lines 341--342
[]\OT1/cmr/m/n/10 El soft-ware debe pro-por-cionar men-sajes in-for-ma-tivos y 
de er-ror cuando
 []

[10]
<GRAPHICO PRO 1.JPG, id=37, 372.64218pt x 198.7425pt>
File: GRAPHICO PRO 1.JPG Graphic file (type jpg)
<use GRAPHICO PRO 1.JPG>
Package pdftex.def Info: GRAPHICO PRO 1.JPG  used on input line 367.
(pdftex.def)             Requested size: 372.64127pt x 198.742pt.

Overfull \hbox (52.6413pt too wide) in paragraph at lines 367--368
[][] 
 []

<GRAPHICO PRO 2.JPG, id=38, 355.3275pt x 325.96782pt>
File: GRAPHICO PRO 2.JPG Graphic file (type jpg)
<use GRAPHICO PRO 2.JPG>
Package pdftex.def Info: GRAPHICO PRO 2.JPG  used on input line 373.
(pdftex.def)             Requested size: 355.32661pt x 325.96701pt.

Overfull \hbox (35.32664pt too wide) in paragraph at lines 373--374
[][] 
 []

[11 <./GRAPHICO PRO 1.JPG>]
<GRAPHICO PRO - Trabajo en lista.JPG, id=42, 371.13657pt x 197.98969pt>
File: GRAPHICO PRO - Trabajo en lista.JPG Graphic file (type jpg)
<use GRAPHICO PRO - Trabajo en lista.JPG>
Package pdftex.def Info: GRAPHICO PRO - Trabajo en lista.JPG  used on input lin
e 379.
(pdftex.def)             Requested size: 371.13565pt x 197.9892pt.

Overfull \hbox (51.13568pt too wide) in paragraph at lines 379--380
[][] 
 []

<GRAPHICO PRO - Visor de elementos 3D.JPG, id=43, 370.38374pt x 256.70906pt>
File: GRAPHICO PRO - Visor de elementos 3D.JPG Graphic file (type jpg)
<use GRAPHICO PRO - Visor de elementos 3D.JPG>
Package pdftex.def Info: GRAPHICO PRO - Visor de elementos 3D.JPG  used on inpu
t line 385.
(pdftex.def)             Requested size: 370.38283pt x 256.70842pt.

Overfull \hbox (50.38286pt too wide) in paragraph at lines 385--386
[][] 
 []

[12 <./GRAPHICO PRO 2.JPG> <./GRAPHICO PRO - Trabajo en lista.JPG>]
<GRAPHICO PRO - Planificacion de produccion.JPG, id=47, 371.88937pt x 206.27063
pt>
File: GRAPHICO PRO - Planificacion de produccion.JPG Graphic file (type jpg)
<use GRAPHICO PRO - Planificacion de produccion.JPG>
Package pdftex.def Info: GRAPHICO PRO - Planificacion de produccion.JPG  used o
n input line 391.
(pdftex.def)             Requested size: 371.88846pt x 206.27011pt.

Overfull \hbox (51.88849pt too wide) in paragraph at lines 391--392
[][] 
 []

<GRAPHICO PRO - Gestion de pedidos.JPG, id=48, 371.13657pt x 203.25937pt>
File: GRAPHICO PRO - Gestion de pedidos.JPG Graphic file (type jpg)
<use GRAPHICO PRO - Gestion de pedidos.JPG>
Package pdftex.def Info: GRAPHICO PRO - Gestion de pedidos.JPG  used on input l
ine 397.
(pdftex.def)             Requested size: 371.13565pt x 203.25887pt.

Overfull \hbox (51.13568pt too wide) in paragraph at lines 397--398
[][] 
 []

[13 <./GRAPHICO PRO - Visor de elementos 3D.JPG> <./GRAPHICO PRO - Planificacio
n de produccion.JPG>] [14 <./GRAPHICO PRO - Gestion de pedidos.JPG>] [15]
(DocumentacionISO9001.aux) ) 
Here is how much of TeX's memory you used:
 2302 strings out of 481556
 31553 string characters out of 2913869
 264333 words of memory out of 3000000
 17562 multiletter control sequences out of 15000+200000
 532981 words of font info for 26 fonts, out of 3000000 for 9000
 1141 hyphenation exceptions out of 8191
 30i,5n,27p,1142b,249s stack positions out of 5000i,500n,10000p,200000b,50000s
 <C:\Users\antho\AppData\Local\MiKTeX\2.9\fonts/pk/
ljfour/jknappen/ec/dpi600\tcrm1000.pk><C:/Users/antho/AppData/Local/Programs/Mi
KTeX 2.9/fonts/type1/public/amsfonts/cm/cmbx10.pfb><C:/Users/antho/AppData/Loca
l/Programs/MiKTeX 2.9/fonts/type1/public/amsfonts/cm/cmr10.pfb>
Output written on DocumentacionISO9001.pdf (15 pages, 599724 bytes).
PDF statistics:
 74 PDF objects out of 1000 (max. 8388607)
 0 named destinations out of 1000 (max. 500000)
 36 words of extra memory for PDF output out of 10000 (max. 10000000)

